c:\users\tmvld\desktop\dump\dump\x64\debug\dump.pch
c:\users\tmvld\desktop\dump\dump\x64\debug\vc143.pdb
c:\users\tmvld\desktop\dump\dump\x64\debug\vc143.idb
c:\users\tmvld\desktop\dump\dump\x64\debug\pch.obj
c:\users\tmvld\desktop\dump\dump\x64\debug\threadmanager.obj
c:\users\tmvld\desktop\dump\dump\x64\debug\tls.obj
c:\users\tmvld\desktop\dump\dump\x64\debug\main.obj
c:\users\tmvld\desktop\dump\dump\x64\debug\knight.obj
c:\users\tmvld\desktop\dump\dump\x64\debug\globalclass.obj
c:\users\tmvld\desktop\dump\x64\debug\dump.exe
c:\users\tmvld\desktop\dump\x64\debug\dump.pdb
c:\users\tmvld\desktop\dump\dump\x64\debug\dump.ilk
c:\users\tmvld\desktop\dump\dump\x64\debug\dump.obj
c:\users\tmvld\desktop\dump\dump\x64\debug\main.obj.enc
c:\users\tmvld\desktop\dump\dump\x64\debug\dump.tlog\cl.command.1.tlog
c:\users\tmvld\desktop\dump\dump\x64\debug\dump.tlog\cl.items.tlog
c:\users\tmvld\desktop\dump\dump\x64\debug\dump.tlog\cl.read.1.tlog
c:\users\tmvld\desktop\dump\dump\x64\debug\dump.tlog\cl.write.1.tlog
c:\users\tmvld\desktop\dump\dump\x64\debug\dump.tlog\link.command.1.tlog
c:\users\tmvld\desktop\dump\dump\x64\debug\dump.tlog\link.read.1.tlog
c:\users\tmvld\desktop\dump\dump\x64\debug\dump.tlog\link.secondary.1.tlog
c:\users\tmvld\desktop\dump\dump\x64\debug\dump.tlog\link.write.1.tlog
